{"level":"info","message":"GET /users/error-test"}
{"level":"error","message":"Este es un error de prueba"}
{"level":"info","message":"GET /"}
{"level":"info","message":"GET /swagger-ui.css"}
{"level":"info","message":"GET /swagger-ui-standalone-preset.js"}
{"level":"info","message":"GET /swagger-ui-init.js"}
{"level":"info","message":"GET /swagger-ui-bundle.js"}
{"level":"info","message":"GET /favicon-32x32.png"}
{"level":"info","message":"GET /"}
{"level":"info","message":"GET /swagger-ui.css"}
{"level":"info","message":"GET /swagger-ui-bundle.js"}
{"level":"info","message":"GET /swagger-ui-standalone-preset.js"}
{"level":"info","message":"GET /swagger-ui-init.js"}
{"level":"info","message":"GET /favicon-32x32.png"}
{"level":"info","message":"GET /"}
{"level":"info","message":"GET /swagger-ui.css"}
{"level":"info","message":"GET /swagger-ui-bundle.js"}
{"level":"info","message":"GET /swagger-ui-standalone-preset.js"}
{"level":"info","message":"GET /swagger-ui-init.js"}
{"level":"info","message":"GET /products"}
{"level":"info","message":"GET /products"}
{"level":"info","message":"GET /products"}
{"level":"info","message":"GET /products"}
{"level":"info","message":"GET /products"}
{"level":"info","message":"GET /products"}
{"level":"info","message":"GET /products"}
{"level":"info","message":"GET /products"}
{"level":"info","message":"GET /"}
{"level":"info","message":"GET /swagger-ui.css"}
{"level":"info","message":"GET /swagger-ui-bundle.js"}
{"level":"info","message":"GET /swagger-ui-standalone-preset.js"}
{"level":"info","message":"GET /swagger-ui-init.js"}
{"level":"info","message":"GET /"}
{"level":"info","message":"GET /swagger-ui.css"}
{"level":"info","message":"GET /swagger-ui-bundle.js"}
{"level":"info","message":"GET /swagger-ui-standalone-preset.js"}
{"level":"info","message":"GET /swagger-ui-init.js"}
{"level":"info","message":"GET /favicon-32x32.png"}
{"level":"info","message":"GET /products"}
{"level":"info","message":"GET /products"}
{"level":"info","message":"GET /products"}
{"level":"info","message":"GET /products"}
{"level":"info","message":"GET /products"}
{"level":"info","message":"GET /"}
{"level":"info","message":"GET /swagger-ui.css"}
{"level":"info","message":"GET /swagger-ui-bundle.js"}
{"level":"info","message":"GET /swagger-ui-standalone-preset.js"}
{"level":"info","message":"GET /swagger-ui-init.js"}
{"level":"info","message":"GET /favicon-32x32.png"}
{"level":"info","message":"GET /products"}
{"level":"info","message":"GET /products"}
{"level":"info","message":"GET /"}
{"level":"info","message":"GET /swagger-ui.css"}
{"level":"info","message":"GET /swagger-ui-bundle.js"}
{"level":"info","message":"GET /swagger-ui-standalone-preset.js"}
{"level":"info","message":"GET /swagger-ui-init.js"}
{"level":"info","message":"GET /favicon-32x32.png"}
{"level":"info","message":"GET /products"}
{"level":"info","message":"GET /"}
{"level":"info","message":"GET /swagger-ui.css"}
{"level":"info","message":"GET /swagger-ui-bundle.js"}
{"level":"info","message":"GET /swagger-ui-standalone-preset.js"}
{"level":"info","message":"GET /swagger-ui-init.js"}
{"level":"info","message":"GET /favicon-32x32.png"}
{"level":"info","message":"GET /"}
{"level":"info","message":"GET /swagger-ui.css"}
{"level":"info","message":"GET /swagger-ui-bundle.js"}
{"level":"info","message":"GET /swagger-ui-standalone-preset.js"}
{"level":"info","message":"GET /swagger-ui-init.js"}
{"level":"info","message":"GET /favicon-32x32.png"}
{"level":"info","message":"GET /"}
{"level":"info","message":"GET /swagger-ui.css"}
{"level":"info","message":"GET /swagger-ui-bundle.js"}
{"level":"info","message":"GET /swagger-ui-standalone-preset.js"}
{"level":"info","message":"GET /swagger-ui-init.js"}
{"level":"info","message":"GET /favicon-32x32.png"}
{"level":"info","message":"GET /"}
{"level":"info","message":"GET /swagger-ui.css"}
{"level":"info","message":"GET /swagger-ui-bundle.js"}
{"level":"info","message":"GET /swagger-ui-standalone-preset.js"}
{"level":"info","message":"GET /swagger-ui-init.js"}
{"level":"info","message":"GET /favicon-32x32.png"}
{"level":"info","message":"GET /"}
{"level":"info","message":"GET /swagger-ui.css"}
{"level":"info","message":"GET /swagger-ui-bundle.js"}
{"level":"info","message":"GET /swagger-ui-standalone-preset.js"}
{"level":"info","message":"GET /swagger-ui-init.js"}
{"level":"info","message":"GET /favicon-32x32.png"}
{"level":"info","message":"GET /"}
{"level":"info","message":"GET /swagger-ui.css"}
{"level":"info","message":"GET /swagger-ui-bundle.js"}
{"level":"info","message":"GET /swagger-ui-standalone-preset.js"}
{"level":"info","message":"GET /swagger-ui-init.js"}
{"level":"info","message":"GET /favicon-32x32.png"}
{"level":"info","message":"GET /"}
{"level":"info","message":"GET /swagger-ui.css"}
{"level":"info","message":"GET /swagger-ui-bundle.js"}
{"level":"info","message":"GET /swagger-ui-standalone-preset.js"}
{"level":"info","message":"GET /swagger-ui-init.js"}
{"level":"info","message":"GET /favicon-32x32.png"}
{"level":"info","message":"GET /"}
{"level":"info","message":"GET /swagger-ui.css"}
{"level":"info","message":"GET /swagger-ui-bundle.js"}
{"level":"info","message":"GET /swagger-ui-standalone-preset.js"}
{"level":"info","message":"GET /swagger-ui-init.js"}
{"level":"info","message":"GET /favicon-32x32.png"}
{"level":"info","message":"GET /"}
{"level":"info","message":"GET /swagger-ui.css"}
{"level":"info","message":"GET /swagger-ui-bundle.js"}
{"level":"info","message":"GET /swagger-ui-standalone-preset.js"}
{"level":"info","message":"GET /swagger-ui-init.js"}
{"level":"info","message":"GET /"}
{"level":"info","message":"GET /swagger-ui.css"}
{"level":"info","message":"GET /swagger-ui-bundle.js"}
{"level":"info","message":"GET /swagger-ui-standalone-preset.js"}
{"level":"info","message":"GET /swagger-ui-init.js"}
{"level":"info","message":"GET /favicon-32x32.png"}
{"level":"info","message":"GET /users"}
{"level":"info","message":"GET /users"}
{"level":"info","message":"GET /"}
{"level":"info","message":"GET /swagger-ui.css"}
{"level":"info","message":"GET /swagger-ui-standalone-preset.js"}
{"level":"info","message":"GET /swagger-ui-bundle.js"}
{"level":"info","message":"GET /swagger-ui-init.js"}
{"level":"info","message":"GET /favicon-32x32.png"}
{"level":"info","message":"GET /users"}
{"level":"info","message":"GET /users/show/67b74c53ae69118039fcd20d"}
{"level":"info","message":"GET /users/show/67b74c53ae69118039fcd20d"}
{"level":"info","message":"GET /users/show/67b74c53ae69118039fcd20d"}
{"level":"info","message":"GET /users/show/67b74c53ae69118039fcd20d"}
{"level":"info","message":"GET /"}
{"level":"info","message":"GET /swagger-ui.css"}
{"level":"info","message":"GET /swagger-ui-bundle.js"}
{"level":"info","message":"GET /swagger-ui-standalone-preset.js"}
{"level":"info","message":"GET /swagger-ui-init.js"}
{"level":"info","message":"GET /"}
{"level":"info","message":"GET /swagger-ui.css"}
{"level":"info","message":"GET /swagger-ui-bundle.js"}
{"level":"info","message":"GET /swagger-ui-standalone-preset.js"}
{"level":"info","message":"GET /swagger-ui-init.js"}
{"level":"info","message":"GET /favicon-32x32.png"}
{"level":"info","message":"GET /users/show/67b74c53ae69118039fcd20d"}
{"level":"info","message":"GET /"}
{"level":"info","message":"GET /swagger-ui.css"}
{"level":"info","message":"GET /swagger-ui-bundle.js"}
{"level":"info","message":"GET /swagger-ui-standalone-preset.js"}
{"level":"info","message":"GET /swagger-ui-init.js"}
{"level":"info","message":"GET /favicon-32x32.png"}
{"level":"info","message":"GET /"}
{"level":"info","message":"GET /swagger-ui.css"}
{"level":"info","message":"GET /swagger-ui-bundle.js"}
{"level":"info","message":"GET /swagger-ui-standalone-preset.js"}
{"level":"info","message":"GET /swagger-ui-init.js"}
{"level":"info","message":"GET /favicon-32x32.png"}
{"level":"info","message":"GET /"}
{"level":"info","message":"GET /swagger-ui.css"}
{"level":"info","message":"GET /swagger-ui-bundle.js"}
{"level":"info","message":"GET /swagger-ui-standalone-preset.js"}
{"level":"info","message":"GET /swagger-ui-init.js"}
{"level":"info","message":"GET /favicon-32x32.png"}
{"level":"info","message":"GET /"}
{"level":"info","message":"GET /swagger-ui.css"}
{"level":"info","message":"GET /swagger-ui-bundle.js"}
{"level":"info","message":"GET /swagger-ui-standalone-preset.js"}
{"level":"info","message":"GET /swagger-ui-init.js"}
{"level":"info","message":"GET /favicon-32x32.png"}
{"level":"info","message":"GET /special-prices"}
{"level":"info","message":"GET /users"}
{"level":"info","message":"GET /products"}
{"level":"info","message":"POST /special-prices/create"}
{"level":"info","message":"POST /special-prices/create"}
{"level":"info","message":"POST /special-prices/create"}
{"level":"info","message":"POST /special-prices/create"}
{"level":"info","message":"POST /special-prices/create"}
{"level":"info","message":"GET /swagger-ui.css"}
{"level":"info","message":"GET /swagger-ui.css.map"}
{"level":"info","message":"POST /special-prices/create"}
{"level":"info","message":"POST /special-prices/create"}
{"level":"info","message":"POST /special-prices/create"}
{"level":"info","message":"POST /special-prices/create"}
{"level":"info","message":"POST /special-prices/create"}
{"level":"info","message":"GET /"}
{"level":"info","message":"GET /swagger-ui.css"}
{"level":"info","message":"GET /swagger-ui-bundle.js"}
{"level":"info","message":"GET /swagger-ui-standalone-preset.js"}
{"level":"info","message":"GET /swagger-ui-init.js"}
{"level":"info","message":"GET /favicon-32x32.png"}
{"level":"info","message":"GET /products"}
{"level":"info","message":"GET /users"}
{"level":"info","message":"POST /special-prices/create"}
{"level":"info","message":"POST /special-prices/create"}
{"level":"info","message":"POST /special-prices/create"}
{"level":"info","message":"GET /"}
{"level":"info","message":"GET /swagger-ui.css"}
{"level":"info","message":"GET /swagger-ui-bundle.js"}
{"level":"info","message":"GET /swagger-ui-standalone-preset.js"}
{"level":"info","message":"GET /swagger-ui-init.js"}
{"level":"info","message":"GET /favicon-32x32.png"}
{"level":"info","message":"GET /users"}
{"level":"info","message":"GET /products"}
{"level":"info","message":"GET /"}
{"level":"info","message":"GET /swagger-ui.css"}
{"level":"info","message":"GET /swagger-ui-bundle.js"}
{"level":"info","message":"GET /swagger-ui-standalone-preset.js"}
{"level":"info","message":"GET /swagger-ui-init.js"}
{"level":"info","message":"POST /special-prices/create"}
{"level":"info","message":"POST /special-prices/create"}
{"level":"info","message":"POST /special-prices/create"}
{"level":"info","message":"POST /special-prices/create"}
{"level":"info","message":"GET /"}
{"level":"info","message":"GET /swagger-ui.css"}
{"level":"info","message":"GET /swagger-ui-bundle.js"}
{"level":"info","message":"GET /swagger-ui-standalone-preset.js"}
{"level":"info","message":"GET /swagger-ui-init.js"}
{"level":"info","message":"GET /favicon-32x32.png"}
{"level":"info","message":"POST /special-prices/create"}
{"level":"info","message":"POST /special-prices/create"}
{"level":"info","message":"POST /special-prices/create"}
{"level":"info","message":"GET /"}
{"level":"info","message":"GET /swagger-ui.css"}
{"level":"info","message":"GET /swagger-ui-bundle.js"}
{"level":"info","message":"GET /swagger-ui-standalone-preset.js"}
{"level":"info","message":"GET /swagger-ui-init.js"}
{"level":"info","message":"GET /favicon-32x32.png"}
{"level":"info","message":"POST /special-prices/create"}
{"level":"info","message":"POST /special-prices/create"}
{"level":"info","message":"POST /special-prices/create"}
{"level":"info","message":"POST /special-prices/create"}
{"level":"info","message":"POST /special-prices/create"}
{"level":"info","message":"POST /special-prices/create"}
{"level":"info","message":"POST /special-prices/create"}
{"level":"info","message":"POST /special-prices/create"}
{"level":"info","message":"POST /special-prices/create"}
{"level":"info","message":"POST /special-prices/create"}
{"level":"info","message":"POST /special-prices/create"}
{"level":"info","message":"GET /special-prices"}
{"level":"info","message":"GET /special-prices"}
{"level":"info","message":"GET /special-prices"}
{"level":"info","message":"GET /special-prices"}
{"level":"info","message":"GET /special-prices"}
{"level":"info","message":"GET /special-prices"}
{"level":"info","message":"GET /special-prices"}
